<?xml version="1.0" encoding="UTF-8"?>
<testsuite xmlns:xsi="http://www.w3.org/2001/XMLSchema-instance" xsi:noNamespaceSchemaLocation="https://maven.apache.org/surefire/maven-surefire-plugin/xsd/surefire-test-report-3.0.xsd" version="3.0" name="com.example.homelink.controller.ShelterControllerTests" time="1.926" tests="1" errors="0" skipped="0" failures="1">
  <properties>
    <property name="java.specification.version" value="21"/>
    <property name="sun.jnu.encoding" value="UTF-8"/>
    <property name="java.class.path" value="/Users/albertohuerta/Projects/home-link/backend_Spring/target/test-classes:/Users/albertohuerta/Projects/home-link/backend_Spring/target/classes:/Users/albertohuerta/.m2/repository/org/springframework/boot/spring-boot-starter-web/3.2.0/spring-boot-starter-web-3.2.0.jar:/Users/albertohuerta/.m2/repository/org/springframework/boot/spring-boot-starter/3.2.0/spring-boot-starter-3.2.0.jar:/Users/albertohuerta/.m2/repository/org/springframework/boot/spring-boot/3.2.0/spring-boot-3.2.0.jar:/Users/albertohuerta/.m2/repository/org/springframework/boot/spring-boot-autoconfigure/3.2.0/spring-boot-autoconfigure-3.2.0.jar:/Users/albertohuerta/.m2/repository/org/springframework/boot/spring-boot-starter-logging/3.2.0/spring-boot-starter-logging-3.2.0.jar:/Users/albertohuerta/.m2/repository/ch/qos/logback/logback-classic/1.4.11/logback-classic-1.4.11.jar:/Users/albertohuerta/.m2/repository/ch/qos/logback/logback-core/1.4.11/logback-core-1.4.11.jar:/Users/albertohuerta/.m2/repository/org/apache/logging/log4j/log4j-to-slf4j/2.21.1/log4j-to-slf4j-2.21.1.jar:/Users/albertohuerta/.m2/repository/org/apache/logging/log4j/log4j-api/2.21.1/log4j-api-2.21.1.jar:/Users/albertohuerta/.m2/repository/org/slf4j/jul-to-slf4j/2.0.9/jul-to-slf4j-2.0.9.jar:/Users/albertohuerta/.m2/repository/jakarta/annotation/jakarta.annotation-api/2.1.1/jakarta.annotation-api-2.1.1.jar:/Users/albertohuerta/.m2/repository/org/yaml/snakeyaml/2.2/snakeyaml-2.2.jar:/Users/albertohuerta/.m2/repository/org/springframework/boot/spring-boot-starter-json/3.2.0/spring-boot-starter-json-3.2.0.jar:/Users/albertohuerta/.m2/repository/com/fasterxml/jackson/core/jackson-databind/2.15.3/jackson-databind-2.15.3.jar:/Users/albertohuerta/.m2/repository/com/fasterxml/jackson/core/jackson-annotations/2.15.3/jackson-annotations-2.15.3.jar:/Users/albertohuerta/.m2/repository/com/fasterxml/jackson/core/jackson-core/2.15.3/jackson-core-2.15.3.jar:/Users/albertohuerta/.m2/repository/com/fasterxml/jackson/datatype/jackson-datatype-jdk8/2.15.3/jackson-datatype-jdk8-2.15.3.jar:/Users/albertohuerta/.m2/repository/com/fasterxml/jackson/datatype/jackson-datatype-jsr310/2.15.3/jackson-datatype-jsr310-2.15.3.jar:/Users/albertohuerta/.m2/repository/com/fasterxml/jackson/module/jackson-module-parameter-names/2.15.3/jackson-module-parameter-names-2.15.3.jar:/Users/albertohuerta/.m2/repository/org/springframework/boot/spring-boot-starter-tomcat/3.2.0/spring-boot-starter-tomcat-3.2.0.jar:/Users/albertohuerta/.m2/repository/org/apache/tomcat/embed/tomcat-embed-core/10.1.16/tomcat-embed-core-10.1.16.jar:/Users/albertohuerta/.m2/repository/org/apache/tomcat/embed/tomcat-embed-el/10.1.16/tomcat-embed-el-10.1.16.jar:/Users/albertohuerta/.m2/repository/org/apache/tomcat/embed/tomcat-embed-websocket/10.1.16/tomcat-embed-websocket-10.1.16.jar:/Users/albertohuerta/.m2/repository/org/springframework/spring-web/6.1.1/spring-web-6.1.1.jar:/Users/albertohuerta/.m2/repository/org/springframework/spring-beans/6.1.1/spring-beans-6.1.1.jar:/Users/albertohuerta/.m2/repository/io/micrometer/micrometer-observation/1.12.0/micrometer-observation-1.12.0.jar:/Users/albertohuerta/.m2/repository/io/micrometer/micrometer-commons/1.12.0/micrometer-commons-1.12.0.jar:/Users/albertohuerta/.m2/repository/org/springframework/spring-webmvc/6.1.1/spring-webmvc-6.1.1.jar:/Users/albertohuerta/.m2/repository/org/springframework/spring-aop/6.1.1/spring-aop-6.1.1.jar:/Users/albertohuerta/.m2/repository/org/springframework/spring-context/6.1.1/spring-context-6.1.1.jar:/Users/albertohuerta/.m2/repository/org/springframework/spring-expression/6.1.1/spring-expression-6.1.1.jar:/Users/albertohuerta/.m2/repository/org/springframework/boot/spring-boot-starter-data-jpa/3.2.0/spring-boot-starter-data-jpa-3.2.0.jar:/Users/albertohuerta/.m2/repository/org/springframework/boot/spring-boot-starter-aop/3.2.0/spring-boot-starter-aop-3.2.0.jar:/Users/albertohuerta/.m2/repository/org/aspectj/aspectjweaver/1.9.20.1/aspectjweaver-1.9.20.1.jar:/Users/albertohuerta/.m2/repository/org/springframework/boot/spring-boot-starter-jdbc/3.2.0/spring-boot-starter-jdbc-3.2.0.jar:/Users/albertohuerta/.m2/repository/com/zaxxer/HikariCP/5.0.1/HikariCP-5.0.1.jar:/Users/albertohuerta/.m2/repository/org/springframework/spring-jdbc/6.1.1/spring-jdbc-6.1.1.jar:/Users/albertohuerta/.m2/repository/org/springframework/data/spring-data-jpa/3.2.0/spring-data-jpa-3.2.0.jar:/Users/albertohuerta/.m2/repository/org/springframework/data/spring-data-commons/3.2.0/spring-data-commons-3.2.0.jar:/Users/albertohuerta/.m2/repository/org/springframework/spring-orm/6.1.1/spring-orm-6.1.1.jar:/Users/albertohuerta/.m2/repository/org/springframework/spring-tx/6.1.1/spring-tx-6.1.1.jar:/Users/albertohuerta/.m2/repository/org/slf4j/slf4j-api/2.0.9/slf4j-api-2.0.9.jar:/Users/albertohuerta/.m2/repository/org/springframework/spring-aspects/6.1.1/spring-aspects-6.1.1.jar:/Users/albertohuerta/.m2/repository/org/springframework/boot/spring-boot-configuration-processor/3.2.0/spring-boot-configuration-processor-3.2.0.jar:/Users/albertohuerta/.m2/repository/org/hibernate/orm/hibernate-core/6.4.2.Final/hibernate-core-6.4.2.Final.jar:/Users/albertohuerta/.m2/repository/jakarta/transaction/jakarta.transaction-api/2.0.1/jakarta.transaction-api-2.0.1.jar:/Users/albertohuerta/.m2/repository/org/jboss/logging/jboss-logging/3.5.3.Final/jboss-logging-3.5.3.Final.jar:/Users/albertohuerta/.m2/repository/org/hibernate/common/hibernate-commons-annotations/6.0.6.Final/hibernate-commons-annotations-6.0.6.Final.jar:/Users/albertohuerta/.m2/repository/io/smallrye/jandex/3.1.2/jandex-3.1.2.jar:/Users/albertohuerta/.m2/repository/com/fasterxml/classmate/1.6.0/classmate-1.6.0.jar:/Users/albertohuerta/.m2/repository/net/bytebuddy/byte-buddy/1.14.10/byte-buddy-1.14.10.jar:/Users/albertohuerta/.m2/repository/jakarta/xml/bind/jakarta.xml.bind-api/4.0.1/jakarta.xml.bind-api-4.0.1.jar:/Users/albertohuerta/.m2/repository/jakarta/activation/jakarta.activation-api/2.1.2/jakarta.activation-api-2.1.2.jar:/Users/albertohuerta/.m2/repository/org/glassfish/jaxb/jaxb-runtime/4.0.4/jaxb-runtime-4.0.4.jar:/Users/albertohuerta/.m2/repository/org/glassfish/jaxb/jaxb-core/4.0.4/jaxb-core-4.0.4.jar:/Users/albertohuerta/.m2/repository/org/eclipse/angus/angus-activation/2.0.1/angus-activation-2.0.1.jar:/Users/albertohuerta/.m2/repository/org/glassfish/jaxb/txw2/4.0.4/txw2-4.0.4.jar:/Users/albertohuerta/.m2/repository/com/sun/istack/istack-commons-runtime/4.1.2/istack-commons-runtime-4.1.2.jar:/Users/albertohuerta/.m2/repository/jakarta/inject/jakarta.inject-api/2.0.1/jakarta.inject-api-2.0.1.jar:/Users/albertohuerta/.m2/repository/org/antlr/antlr4-runtime/4.13.0/antlr4-runtime-4.13.0.jar:/Users/albertohuerta/.m2/repository/com/github/ben-manes/caffeine/caffeine/3.1.0/caffeine-3.1.0.jar:/Users/albertohuerta/.m2/repository/org/checkerframework/checker-qual/3.21.4/checker-qual-3.21.4.jar:/Users/albertohuerta/.m2/repository/com/google/errorprone/error_prone_annotations/2.13.1/error_prone_annotations-2.13.1.jar:/Users/albertohuerta/.m2/repository/jakarta/persistence/jakarta.persistence-api/3.1.0/jakarta.persistence-api-3.1.0.jar:/Users/albertohuerta/.m2/repository/io/github/cdimascio/dotenv-java/2.2.0/dotenv-java-2.2.0.jar:/Users/albertohuerta/.m2/repository/org/springframework/boot/spring-boot-starter-test/3.2.0/spring-boot-starter-test-3.2.0.jar:/Users/albertohuerta/.m2/repository/org/springframework/boot/spring-boot-test/3.2.0/spring-boot-test-3.2.0.jar:/Users/albertohuerta/.m2/repository/org/springframework/boot/spring-boot-test-autoconfigure/3.2.0/spring-boot-test-autoconfigure-3.2.0.jar:/Users/albertohuerta/.m2/repository/com/jayway/jsonpath/json-path/2.8.0/json-path-2.8.0.jar:/Users/albertohuerta/.m2/repository/net/minidev/json-smart/2.5.0/json-smart-2.5.0.jar:/Users/albertohuerta/.m2/repository/net/minidev/accessors-smart/2.5.0/accessors-smart-2.5.0.jar:/Users/albertohuerta/.m2/repository/org/ow2/asm/asm/9.3/asm-9.3.jar:/Users/albertohuerta/.m2/repository/org/assertj/assertj-core/3.24.2/assertj-core-3.24.2.jar:/Users/albertohuerta/.m2/repository/org/awaitility/awaitility/4.2.0/awaitility-4.2.0.jar:/Users/albertohuerta/.m2/repository/org/hamcrest/hamcrest/2.2/hamcrest-2.2.jar:/Users/albertohuerta/.m2/repository/org/junit/jupiter/junit-jupiter/5.10.1/junit-jupiter-5.10.1.jar:/Users/albertohuerta/.m2/repository/org/junit/jupiter/junit-jupiter-params/5.10.1/junit-jupiter-params-5.10.1.jar:/Users/albertohuerta/.m2/repository/org/mockito/mockito-core/5.7.0/mockito-core-5.7.0.jar:/Users/albertohuerta/.m2/repository/net/bytebuddy/byte-buddy-agent/1.14.10/byte-buddy-agent-1.14.10.jar:/Users/albertohuerta/.m2/repository/org/objenesis/objenesis/3.3/objenesis-3.3.jar:/Users/albertohuerta/.m2/repository/org/mockito/mockito-junit-jupiter/5.7.0/mockito-junit-jupiter-5.7.0.jar:/Users/albertohuerta/.m2/repository/org/skyscreamer/jsonassert/1.5.1/jsonassert-1.5.1.jar:/Users/albertohuerta/.m2/repository/com/vaadin/external/google/android-json/0.0.20131108.vaadin1/android-json-0.0.20131108.vaadin1.jar:/Users/albertohuerta/.m2/repository/org/springframework/spring-core/6.1.1/spring-core-6.1.1.jar:/Users/albertohuerta/.m2/repository/org/springframework/spring-jcl/6.1.1/spring-jcl-6.1.1.jar:/Users/albertohuerta/.m2/repository/org/springframework/spring-test/6.1.1/spring-test-6.1.1.jar:/Users/albertohuerta/.m2/repository/org/xmlunit/xmlunit-core/2.9.1/xmlunit-core-2.9.1.jar:/Users/albertohuerta/.m2/repository/org/junit/jupiter/junit-jupiter-engine/5.9.2/junit-jupiter-engine-5.9.2.jar:/Users/albertohuerta/.m2/repository/org/junit/platform/junit-platform-engine/1.10.1/junit-platform-engine-1.10.1.jar:/Users/albertohuerta/.m2/repository/org/opentest4j/opentest4j/1.3.0/opentest4j-1.3.0.jar:/Users/albertohuerta/.m2/repository/org/junit/platform/junit-platform-commons/1.10.1/junit-platform-commons-1.10.1.jar:/Users/albertohuerta/.m2/repository/org/junit/jupiter/junit-jupiter-api/5.10.1/junit-jupiter-api-5.10.1.jar:/Users/albertohuerta/.m2/repository/org/apiguardian/apiguardian-api/1.1.2/apiguardian-api-1.1.2.jar:/Users/albertohuerta/.m2/repository/mysql/mysql-connector-java/8.0.28/mysql-connector-java-8.0.28.jar:/Users/albertohuerta/.m2/repository/com/google/protobuf/protobuf-java/3.11.4/protobuf-java-3.11.4.jar:"/>
    <property name="java.vm.vendor" value="Homebrew"/>
    <property name="sun.arch.data.model" value="64"/>
    <property name="java.vendor.url" value="https://github.com/Homebrew/homebrew-core/issues"/>
    <property name="user.timezone" value="America/New_York"/>
    <property name="org.jboss.logging.provider" value="slf4j"/>
    <property name="os.name" value="Mac OS X"/>
    <property name="java.vm.specification.version" value="21"/>
    <property name="sun.java.launcher" value="SUN_STANDARD"/>
    <property name="user.country" value="US"/>
    <property name="sun.boot.library.path" value="/opt/homebrew/Cellar/openjdk/21.0.1/libexec/openjdk.jdk/Contents/Home/lib"/>
    <property name="sun.java.command" value="/Users/albertohuerta/Projects/home-link/backend_Spring/target/surefire/surefirebooter-20240205130234967_3.jar /Users/albertohuerta/Projects/home-link/backend_Spring/target/surefire 2024-02-05T13-02-34_913-jvmRun1 surefire-20240205130234967_1tmp surefire_0-20240205130234967_2tmp"/>
    <property name="http.nonProxyHosts" value="local|*.local|169.254/16|*.169.254/16"/>
    <property name="jdk.debug" value="release"/>
    <property name="surefire.test.class.path" value="/Users/albertohuerta/Projects/home-link/backend_Spring/target/test-classes:/Users/albertohuerta/Projects/home-link/backend_Spring/target/classes:/Users/albertohuerta/.m2/repository/org/springframework/boot/spring-boot-starter-web/3.2.0/spring-boot-starter-web-3.2.0.jar:/Users/albertohuerta/.m2/repository/org/springframework/boot/spring-boot-starter/3.2.0/spring-boot-starter-3.2.0.jar:/Users/albertohuerta/.m2/repository/org/springframework/boot/spring-boot/3.2.0/spring-boot-3.2.0.jar:/Users/albertohuerta/.m2/repository/org/springframework/boot/spring-boot-autoconfigure/3.2.0/spring-boot-autoconfigure-3.2.0.jar:/Users/albertohuerta/.m2/repository/org/springframework/boot/spring-boot-starter-logging/3.2.0/spring-boot-starter-logging-3.2.0.jar:/Users/albertohuerta/.m2/repository/ch/qos/logback/logback-classic/1.4.11/logback-classic-1.4.11.jar:/Users/albertohuerta/.m2/repository/ch/qos/logback/logback-core/1.4.11/logback-core-1.4.11.jar:/Users/albertohuerta/.m2/repository/org/apache/logging/log4j/log4j-to-slf4j/2.21.1/log4j-to-slf4j-2.21.1.jar:/Users/albertohuerta/.m2/repository/org/apache/logging/log4j/log4j-api/2.21.1/log4j-api-2.21.1.jar:/Users/albertohuerta/.m2/repository/org/slf4j/jul-to-slf4j/2.0.9/jul-to-slf4j-2.0.9.jar:/Users/albertohuerta/.m2/repository/jakarta/annotation/jakarta.annotation-api/2.1.1/jakarta.annotation-api-2.1.1.jar:/Users/albertohuerta/.m2/repository/org/yaml/snakeyaml/2.2/snakeyaml-2.2.jar:/Users/albertohuerta/.m2/repository/org/springframework/boot/spring-boot-starter-json/3.2.0/spring-boot-starter-json-3.2.0.jar:/Users/albertohuerta/.m2/repository/com/fasterxml/jackson/core/jackson-databind/2.15.3/jackson-databind-2.15.3.jar:/Users/albertohuerta/.m2/repository/com/fasterxml/jackson/core/jackson-annotations/2.15.3/jackson-annotations-2.15.3.jar:/Users/albertohuerta/.m2/repository/com/fasterxml/jackson/core/jackson-core/2.15.3/jackson-core-2.15.3.jar:/Users/albertohuerta/.m2/repository/com/fasterxml/jackson/datatype/jackson-datatype-jdk8/2.15.3/jackson-datatype-jdk8-2.15.3.jar:/Users/albertohuerta/.m2/repository/com/fasterxml/jackson/datatype/jackson-datatype-jsr310/2.15.3/jackson-datatype-jsr310-2.15.3.jar:/Users/albertohuerta/.m2/repository/com/fasterxml/jackson/module/jackson-module-parameter-names/2.15.3/jackson-module-parameter-names-2.15.3.jar:/Users/albertohuerta/.m2/repository/org/springframework/boot/spring-boot-starter-tomcat/3.2.0/spring-boot-starter-tomcat-3.2.0.jar:/Users/albertohuerta/.m2/repository/org/apache/tomcat/embed/tomcat-embed-core/10.1.16/tomcat-embed-core-10.1.16.jar:/Users/albertohuerta/.m2/repository/org/apache/tomcat/embed/tomcat-embed-el/10.1.16/tomcat-embed-el-10.1.16.jar:/Users/albertohuerta/.m2/repository/org/apache/tomcat/embed/tomcat-embed-websocket/10.1.16/tomcat-embed-websocket-10.1.16.jar:/Users/albertohuerta/.m2/repository/org/springframework/spring-web/6.1.1/spring-web-6.1.1.jar:/Users/albertohuerta/.m2/repository/org/springframework/spring-beans/6.1.1/spring-beans-6.1.1.jar:/Users/albertohuerta/.m2/repository/io/micrometer/micrometer-observation/1.12.0/micrometer-observation-1.12.0.jar:/Users/albertohuerta/.m2/repository/io/micrometer/micrometer-commons/1.12.0/micrometer-commons-1.12.0.jar:/Users/albertohuerta/.m2/repository/org/springframework/spring-webmvc/6.1.1/spring-webmvc-6.1.1.jar:/Users/albertohuerta/.m2/repository/org/springframework/spring-aop/6.1.1/spring-aop-6.1.1.jar:/Users/albertohuerta/.m2/repository/org/springframework/spring-context/6.1.1/spring-context-6.1.1.jar:/Users/albertohuerta/.m2/repository/org/springframework/spring-expression/6.1.1/spring-expression-6.1.1.jar:/Users/albertohuerta/.m2/repository/org/springframework/boot/spring-boot-starter-data-jpa/3.2.0/spring-boot-starter-data-jpa-3.2.0.jar:/Users/albertohuerta/.m2/repository/org/springframework/boot/spring-boot-starter-aop/3.2.0/spring-boot-starter-aop-3.2.0.jar:/Users/albertohuerta/.m2/repository/org/aspectj/aspectjweaver/1.9.20.1/aspectjweaver-1.9.20.1.jar:/Users/albertohuerta/.m2/repository/org/springframework/boot/spring-boot-starter-jdbc/3.2.0/spring-boot-starter-jdbc-3.2.0.jar:/Users/albertohuerta/.m2/repository/com/zaxxer/HikariCP/5.0.1/HikariCP-5.0.1.jar:/Users/albertohuerta/.m2/repository/org/springframework/spring-jdbc/6.1.1/spring-jdbc-6.1.1.jar:/Users/albertohuerta/.m2/repository/org/springframework/data/spring-data-jpa/3.2.0/spring-data-jpa-3.2.0.jar:/Users/albertohuerta/.m2/repository/org/springframework/data/spring-data-commons/3.2.0/spring-data-commons-3.2.0.jar:/Users/albertohuerta/.m2/repository/org/springframework/spring-orm/6.1.1/spring-orm-6.1.1.jar:/Users/albertohuerta/.m2/repository/org/springframework/spring-tx/6.1.1/spring-tx-6.1.1.jar:/Users/albertohuerta/.m2/repository/org/slf4j/slf4j-api/2.0.9/slf4j-api-2.0.9.jar:/Users/albertohuerta/.m2/repository/org/springframework/spring-aspects/6.1.1/spring-aspects-6.1.1.jar:/Users/albertohuerta/.m2/repository/org/springframework/boot/spring-boot-configuration-processor/3.2.0/spring-boot-configuration-processor-3.2.0.jar:/Users/albertohuerta/.m2/repository/org/hibernate/orm/hibernate-core/6.4.2.Final/hibernate-core-6.4.2.Final.jar:/Users/albertohuerta/.m2/repository/jakarta/transaction/jakarta.transaction-api/2.0.1/jakarta.transaction-api-2.0.1.jar:/Users/albertohuerta/.m2/repository/org/jboss/logging/jboss-logging/3.5.3.Final/jboss-logging-3.5.3.Final.jar:/Users/albertohuerta/.m2/repository/org/hibernate/common/hibernate-commons-annotations/6.0.6.Final/hibernate-commons-annotations-6.0.6.Final.jar:/Users/albertohuerta/.m2/repository/io/smallrye/jandex/3.1.2/jandex-3.1.2.jar:/Users/albertohuerta/.m2/repository/com/fasterxml/classmate/1.6.0/classmate-1.6.0.jar:/Users/albertohuerta/.m2/repository/net/bytebuddy/byte-buddy/1.14.10/byte-buddy-1.14.10.jar:/Users/albertohuerta/.m2/repository/jakarta/xml/bind/jakarta.xml.bind-api/4.0.1/jakarta.xml.bind-api-4.0.1.jar:/Users/albertohuerta/.m2/repository/jakarta/activation/jakarta.activation-api/2.1.2/jakarta.activation-api-2.1.2.jar:/Users/albertohuerta/.m2/repository/org/glassfish/jaxb/jaxb-runtime/4.0.4/jaxb-runtime-4.0.4.jar:/Users/albertohuerta/.m2/repository/org/glassfish/jaxb/jaxb-core/4.0.4/jaxb-core-4.0.4.jar:/Users/albertohuerta/.m2/repository/org/eclipse/angus/angus-activation/2.0.1/angus-activation-2.0.1.jar:/Users/albertohuerta/.m2/repository/org/glassfish/jaxb/txw2/4.0.4/txw2-4.0.4.jar:/Users/albertohuerta/.m2/repository/com/sun/istack/istack-commons-runtime/4.1.2/istack-commons-runtime-4.1.2.jar:/Users/albertohuerta/.m2/repository/jakarta/inject/jakarta.inject-api/2.0.1/jakarta.inject-api-2.0.1.jar:/Users/albertohuerta/.m2/repository/org/antlr/antlr4-runtime/4.13.0/antlr4-runtime-4.13.0.jar:/Users/albertohuerta/.m2/repository/com/github/ben-manes/caffeine/caffeine/3.1.0/caffeine-3.1.0.jar:/Users/albertohuerta/.m2/repository/org/checkerframework/checker-qual/3.21.4/checker-qual-3.21.4.jar:/Users/albertohuerta/.m2/repository/com/google/errorprone/error_prone_annotations/2.13.1/error_prone_annotations-2.13.1.jar:/Users/albertohuerta/.m2/repository/jakarta/persistence/jakarta.persistence-api/3.1.0/jakarta.persistence-api-3.1.0.jar:/Users/albertohuerta/.m2/repository/io/github/cdimascio/dotenv-java/2.2.0/dotenv-java-2.2.0.jar:/Users/albertohuerta/.m2/repository/org/springframework/boot/spring-boot-starter-test/3.2.0/spring-boot-starter-test-3.2.0.jar:/Users/albertohuerta/.m2/repository/org/springframework/boot/spring-boot-test/3.2.0/spring-boot-test-3.2.0.jar:/Users/albertohuerta/.m2/repository/org/springframework/boot/spring-boot-test-autoconfigure/3.2.0/spring-boot-test-autoconfigure-3.2.0.jar:/Users/albertohuerta/.m2/repository/com/jayway/jsonpath/json-path/2.8.0/json-path-2.8.0.jar:/Users/albertohuerta/.m2/repository/net/minidev/json-smart/2.5.0/json-smart-2.5.0.jar:/Users/albertohuerta/.m2/repository/net/minidev/accessors-smart/2.5.0/accessors-smart-2.5.0.jar:/Users/albertohuerta/.m2/repository/org/ow2/asm/asm/9.3/asm-9.3.jar:/Users/albertohuerta/.m2/repository/org/assertj/assertj-core/3.24.2/assertj-core-3.24.2.jar:/Users/albertohuerta/.m2/repository/org/awaitility/awaitility/4.2.0/awaitility-4.2.0.jar:/Users/albertohuerta/.m2/repository/org/hamcrest/hamcrest/2.2/hamcrest-2.2.jar:/Users/albertohuerta/.m2/repository/org/junit/jupiter/junit-jupiter/5.10.1/junit-jupiter-5.10.1.jar:/Users/albertohuerta/.m2/repository/org/junit/jupiter/junit-jupiter-params/5.10.1/junit-jupiter-params-5.10.1.jar:/Users/albertohuerta/.m2/repository/org/mockito/mockito-core/5.7.0/mockito-core-5.7.0.jar:/Users/albertohuerta/.m2/repository/net/bytebuddy/byte-buddy-agent/1.14.10/byte-buddy-agent-1.14.10.jar:/Users/albertohuerta/.m2/repository/org/objenesis/objenesis/3.3/objenesis-3.3.jar:/Users/albertohuerta/.m2/repository/org/mockito/mockito-junit-jupiter/5.7.0/mockito-junit-jupiter-5.7.0.jar:/Users/albertohuerta/.m2/repository/org/skyscreamer/jsonassert/1.5.1/jsonassert-1.5.1.jar:/Users/albertohuerta/.m2/repository/com/vaadin/external/google/android-json/0.0.20131108.vaadin1/android-json-0.0.20131108.vaadin1.jar:/Users/albertohuerta/.m2/repository/org/springframework/spring-core/6.1.1/spring-core-6.1.1.jar:/Users/albertohuerta/.m2/repository/org/springframework/spring-jcl/6.1.1/spring-jcl-6.1.1.jar:/Users/albertohuerta/.m2/repository/org/springframework/spring-test/6.1.1/spring-test-6.1.1.jar:/Users/albertohuerta/.m2/repository/org/xmlunit/xmlunit-core/2.9.1/xmlunit-core-2.9.1.jar:/Users/albertohuerta/.m2/repository/org/junit/jupiter/junit-jupiter-engine/5.9.2/junit-jupiter-engine-5.9.2.jar:/Users/albertohuerta/.m2/repository/org/junit/platform/junit-platform-engine/1.10.1/junit-platform-engine-1.10.1.jar:/Users/albertohuerta/.m2/repository/org/opentest4j/opentest4j/1.3.0/opentest4j-1.3.0.jar:/Users/albertohuerta/.m2/repository/org/junit/platform/junit-platform-commons/1.10.1/junit-platform-commons-1.10.1.jar:/Users/albertohuerta/.m2/repository/org/junit/jupiter/junit-jupiter-api/5.10.1/junit-jupiter-api-5.10.1.jar:/Users/albertohuerta/.m2/repository/org/apiguardian/apiguardian-api/1.1.2/apiguardian-api-1.1.2.jar:/Users/albertohuerta/.m2/repository/mysql/mysql-connector-java/8.0.28/mysql-connector-java-8.0.28.jar:/Users/albertohuerta/.m2/repository/com/google/protobuf/protobuf-java/3.11.4/protobuf-java-3.11.4.jar:"/>
    <property name="sun.cpu.endian" value="little"/>
    <property name="user.home" value="/Users/albertohuerta"/>
    <property name="user.language" value="en"/>
    <property name="java.specification.vendor" value="Oracle Corporation"/>
    <property name="java.version.date" value="2023-10-17"/>
    <property name="java.home" value="/opt/homebrew/Cellar/openjdk/21.0.1/libexec/openjdk.jdk/Contents/Home"/>
    <property name="file.separator" value="/"/>
    <property name="basedir" value="/Users/albertohuerta/Projects/home-link/backend_Spring"/>
    <property name="java.vm.compressedOopsMode" value="Zero based"/>
    <property name="line.separator" value="&#10;"/>
    <property name="java.vm.specification.vendor" value="Oracle Corporation"/>
    <property name="java.specification.name" value="Java Platform API Specification"/>
    <property name="FILE_LOG_CHARSET" value="UTF-8"/>
    <property name="java.awt.headless" value="true"/>
    <property name="apple.awt.application.name" value="ForkedBooter"/>
    <property name="surefire.real.class.path" value="/Users/albertohuerta/Projects/home-link/backend_Spring/target/surefire/surefirebooter-20240205130234967_3.jar"/>
    <property name="sun.management.compiler" value="HotSpot 64-Bit Tiered Compilers"/>
    <property name="ftp.nonProxyHosts" value="local|*.local|169.254/16|*.169.254/16"/>
    <property name="java.runtime.version" value="21.0.1"/>
    <property name="user.name" value="albertohuerta"/>
    <property name="stdout.encoding" value="UTF-8"/>
    <property name="path.separator" value=":"/>
    <property name="os.version" value="14.1.2"/>
    <property name="java.runtime.name" value="OpenJDK Runtime Environment"/>
    <property name="file.encoding" value="UTF-8"/>
    <property name="java.vm.name" value="OpenJDK 64-Bit Server VM"/>
    <property name="java.vendor.version" value="Homebrew"/>
    <property name="localRepository" value="/Users/albertohuerta/.m2/repository"/>
    <property name="java.vendor.url.bug" value="https://github.com/Homebrew/homebrew-core/issues"/>
    <property name="java.io.tmpdir" value="/var/folders/02/cprylh0x6w50jnnnhncxv2sc0000gn/T/"/>
    <property name="java.version" value="21.0.1"/>
    <property name="user.dir" value="/Users/albertohuerta/Projects/home-link/backend_Spring"/>
    <property name="os.arch" value="aarch64"/>
    <property name="java.vm.specification.name" value="Java Virtual Machine Specification"/>
    <property name="PID" value="69973"/>
    <property name="CONSOLE_LOG_CHARSET" value="UTF-8"/>
    <property name="native.encoding" value="UTF-8"/>
    <property name="java.library.path" value="/Users/albertohuerta/Library/Java/Extensions:/Library/Java/Extensions:/Network/Library/Java/Extensions:/System/Library/Java/Extensions:/usr/lib/java:."/>
    <property name="java.vm.info" value="mixed mode, sharing"/>
    <property name="stderr.encoding" value="UTF-8"/>
    <property name="java.vendor" value="Homebrew"/>
    <property name="java.vm.version" value="21.0.1"/>
    <property name="sun.io.unicode.encoding" value="UnicodeBig"/>
    <property name="socksNonProxyHosts" value="local|*.local|169.254/16|*.169.254/16"/>
    <property name="java.class.version" value="65.0"/>
  </properties>
  <testcase name="getAllShelters" classname="com.example.homelink.controller.ShelterControllerTests" time="0.122">
    <failure message="Status expected:&lt;200&gt; but was:&lt;500&gt;" type="java.lang.AssertionError"><![CDATA[java.lang.AssertionError: Status expected:<200> but was:<500>
	at org.springframework.test.util.AssertionErrors.fail(AssertionErrors.java:59)
	at org.springframework.test.util.AssertionErrors.assertEquals(AssertionErrors.java:122)
	at org.springframework.test.web.servlet.result.StatusResultMatchers.lambda$matcher$9(StatusResultMatchers.java:637)
	at org.springframework.test.web.servlet.MockMvc$1.andExpect(MockMvc.java:214)
	at com.example.homelink.controller.ShelterControllerTests.getAllShelters(ShelterControllerTests.java:43)
	at java.base/java.lang.reflect.Method.invoke(Method.java:580)
	at java.base/java.util.ArrayList.forEach(ArrayList.java:1596)
	at java.base/java.util.ArrayList.forEach(ArrayList.java:1596)
]]></failure>
    <system-out><![CDATA[13:02:35.540 [main] INFO org.springframework.test.context.support.AnnotationConfigContextLoaderUtils -- Could not detect default configuration classes for test class [com.example.homelink.controller.ShelterControllerTests]: ShelterControllerTests does not declare any static, non-private, non-final, nested classes annotated with @Configuration.
13:02:35.637 [main] INFO org.springframework.boot.test.context.SpringBootTestContextBootstrapper -- Found @SpringBootConfiguration com.example.homelink.HomeLinkApplication for test class com.example.homelink.controller.ShelterControllerTests

  .   ____          _            __ _ _
 /\\ / ___'_ __ _ _(_)_ __  __ _ \ \ \ \
( ( )\___ | '_ | '_| | '_ \/ _` | \ \ \ \
 \\/  ___)| |_)| | | | | || (_| |  ) ) ) )
  '  |____| .__|_| |_|_| |_\__, | / / / /
 =========|_|==============|___/=/_/_/_/
 :: Spring Boot ::                (v3.2.0)

2024-02-05T13:02:35.878-05:00  INFO 69973 --- [           main] c.e.h.controller.ShelterControllerTests  : Starting ShelterControllerTests using Java 21.0.1 with PID 69973 (started by albertohuerta in /Users/albertohuerta/Projects/home-link/backend_Spring)
2024-02-05T13:02:35.879-05:00  INFO 69973 --- [           main] c.e.h.controller.ShelterControllerTests  : No active profile set, falling back to 1 default profile: "default"
2024-02-05T13:02:37.164-05:00  INFO 69973 --- [           main] o.s.b.t.m.w.SpringBootMockServletContext : Initializing Spring TestDispatcherServlet ''
2024-02-05T13:02:37.164-05:00  INFO 69973 --- [           main] o.s.t.web.servlet.TestDispatcherServlet  : Initializing Servlet ''
2024-02-05T13:02:37.166-05:00  INFO 69973 --- [           main] o.s.t.web.servlet.TestDispatcherServlet  : Completed initialization in 1 ms
2024-02-05T13:02:37.192-05:00  INFO 69973 --- [           main] c.e.h.controller.ShelterControllerTests  : Started ShelterControllerTests in 1.501 seconds (process running for 2.172)
2024-02-05T13:02:37.273-05:00  WARN 69973 --- [           main] o.s.web.servlet.PageNotFound             : No mapping for GET /shelter

MockHttpServletRequest:
      HTTP Method = GET
      Request URI = /shelter
       Parameters = {}
          Headers = [Content-Type:"application/json;charset=UTF-8"]
             Body = null
    Session Attrs = {}

Handler:
             Type = null

Async:
    Async started = false
     Async result = null

Resolved Exception:
             Type = org.springframework.web.servlet.NoHandlerFoundException

ModelAndView:
        View name = null
             View = null
            Model = null

FlashMap:
       Attributes = null

MockHttpServletResponse:
           Status = 500
    Error message = null
          Headers = [Content-Type:"application/json"]
     Content type = application/json
             Body = {"timestamp":[2024,2,5,13,2,37,282619000],"message":"Error Occurred","details":"No endpoint GET /shelter."}
    Forwarded URL = null
   Redirected URL = null
          Cookies = []
]]></system-out>
    <system-err><![CDATA[WARNING: A Java agent has been loaded dynamically (/Users/albertohuerta/.m2/repository/net/bytebuddy/byte-buddy-agent/1.14.10/byte-buddy-agent-1.14.10.jar)
WARNING: If a serviceability tool is in use, please run with -XX:+EnableDynamicAgentLoading to hide this warning
WARNING: If a serviceability tool is not in use, please run with -Djdk.instrument.traceUsage for more information
WARNING: Dynamic loading of agents will be disallowed by default in a future release
]]></system-err>
  </testcase>
</testsuite>